0 info it worked if it ends with ok
1 verbose cli [ '/usr/local/bin/node', '/usr/local/bin/npm', 'publish' ]
2 info using npm@4.1.2
3 info using node@v8.0.0
4 verbose publish [ '.' ]
5 silly cache add args [ '.', null ]
6 verbose cache add spec .
7 silly cache add parsed spec Result {
7 silly cache add   raw: '.',
7 silly cache add   scope: null,
7 silly cache add   escapedName: null,
7 silly cache add   name: null,
7 silly cache add   rawSpec: '.',
7 silly cache add   spec: '/Users/ruslan/www/react-progress-2-redux',
7 silly cache add   type: 'directory' }
8 verbose addLocalDirectory /Users/ruslan/.npm/react-progress-2-redux/1.0.0/package.tgz not in flight; packing
9 verbose correctMkdir /Users/ruslan/.npm correctMkdir not in flight; initializing
10 warn prepublish-on-install As of npm@5, `prepublish` scripts will run only for `npm publish`.
11 warn prepublish-on-install (In npm@4 and previous versions, it also runs for `npm install`.)
12 warn prepublish-on-install See the deprecation note in `npm help scripts` for more information.
13 info lifecycle react-progress-2-redux@1.0.0~prepublish: react-progress-2-redux@1.0.0
14 verbose lifecycle react-progress-2-redux@1.0.0~prepublish: unsafe-perm in lifecycle true
15 verbose lifecycle react-progress-2-redux@1.0.0~prepublish: PATH: /usr/local/lib/node_modules/npm/bin/node-gyp-bin:/Users/ruslan/www/react-progress-2-redux/node_modules/.bin:/opt/local/bin:/opt/local/sbin:/Users/ruslan/Library/Android/sdk/platform-tools:/Users/ruslan/bin/Sencha/Cmd:/Users/ruslan/bin/Sencha/Cmd:/Users/ruslan/.rvm/gems/ruby-2.2.3/bin:/Users/ruslan/.rvm/gems/ruby-2.2.3@global/bin:/Users/ruslan/.rvm/rubies/ruby-2.2.3/bin:/usr/local/bin:/usr/bin:/bin:/usr/sbin:/sbin:/Users/ruslan/.rvm/bin
16 verbose lifecycle react-progress-2-redux@1.0.0~prepublish: CWD: /Users/ruslan/www/react-progress-2-redux
17 silly lifecycle react-progress-2-redux@1.0.0~prepublish: Args: [ '-c',
17 silly lifecycle   'npm run build ; cp src/component.css lib/component.css' ]
18 silly lifecycle react-progress-2-redux@1.0.0~prepublish: Returned: code: 0  signal: null
19 info lifecycle react-progress-2-redux@1.0.0~prepare: react-progress-2-redux@1.0.0
20 silly lifecycle react-progress-2-redux@1.0.0~prepare: no script for prepare, continuing
21 verbose tar pack [ '/Users/ruslan/.npm/react-progress-2-redux/1.0.0/package.tgz',
21 verbose tar pack   '/Users/ruslan/www/react-progress-2-redux' ]
22 verbose tarball /Users/ruslan/.npm/react-progress-2-redux/1.0.0/package.tgz
23 verbose folder /Users/ruslan/www/react-progress-2-redux
24 verbose addLocalTarball adding from inside cache /Users/ruslan/.npm/react-progress-2-redux/1.0.0/package.tgz
25 verbose correctMkdir /Users/ruslan/.npm correctMkdir not in flight; initializing
26 silly cache afterAdd react-progress-2-redux@1.0.0
27 verbose afterAdd /Users/ruslan/.npm/react-progress-2-redux/1.0.0/package/package.json not in flight; writing
28 verbose correctMkdir /Users/ruslan/.npm correctMkdir not in flight; initializing
29 verbose afterAdd /Users/ruslan/.npm/react-progress-2-redux/1.0.0/package/package.json written
30 silly publish { name: 'react-progress-2-redux',
30 silly publish   version: '1.0.0',
30 silly publish   description: 'React progress 2 (redux version)',
30 silly publish   main: 'lib/index.js',
30 silly publish   scripts:
30 silly publish    { test: 'echo "Error: no test specified" && exit 1',
30 silly publish      start: 'webpack-dev-server --config demo/webpack.config.js --hot --inline',
30 silly publish      build: 'NODE_ENV=production babel ./src --out-dir ./lib',
30 silly publish      prepublish: 'npm run build ; cp src/component.css lib/component.css' },
30 silly publish   author:
30 silly publish    { name: 'Ruslan Prytula',
30 silly publish      email: 'ruslan.prytula@gmail.com',
30 silly publish      url: 'http://60devs.com' },
30 silly publish   license: 'MIT',
30 silly publish   dependencies: { 'prop-types': '^15.5.10' },
30 silly publish   devDependencies:
30 silly publish    { 'babel-cli': '^6.24.1',
30 silly publish      'babel-core': '^6.24.1',
30 silly publish      'babel-loader': '^7.0.0',
30 silly publish      'babel-plugin-transform-async-functions': '^6.22.0',
30 silly publish      'babel-plugin-transform-class-properties': '^6.24.1',
30 silly publish      'babel-plugin-transform-decorators': '^6.24.1',
30 silly publish      'babel-plugin-transform-decorators-legacy': '^1.3.4',
30 silly publish      'babel-plugin-transform-object-rest-spread': '^6.23.0',
30 silly publish      'babel-plugin-transform-regenerator': '^6.24.1',
30 silly publish      'babel-polyfill': '^6.23.0',
30 silly publish      'babel-preset-es2015': '^6.24.1',
30 silly publish      'babel-preset-react': '^6.24.1',
30 silly publish      'css-loader': '^0.28.4',
30 silly publish      react: '^15.5.4',
30 silly publish      'react-dom': '^15.5.4',
30 silly publish      'react-redux': '^5.0.5',
30 silly publish      redux: '^3.6.0',
30 silly publish      'redux-thunk': '^2.2.0',
30 silly publish      'sass-loader': '^6.0.5',
30 silly publish      'style-loader': '^0.18.2',
30 silly publish      webpack: '^2.6.1',
30 silly publish      'webpack-dev-server': '^2.4.5' },
30 silly publish   keywords:
30 silly publish    [ 'react-progress-2-redux',
30 silly publish      'react-progress-redux',
30 silly publish      'react-progress-indicator',
30 silly publish      'loading-indicator',
30 silly publish      'react-loading-indicator' ],
30 silly publish   files: [ 'lib/main.css', 'lib/main.js', 'README.md', 'LICENSE' ],
30 silly publish   homepage: 'http://milworm.github.io/react-progress-2-redux/#readme',
30 silly publish   bugs: { url: 'https://github.com/milworm/react-progress-2-redux/issues' },
30 silly publish   readme: '# example\n```\nimport { Progress, reducer } from \'react-progress-2-redux\'\n\nclass Application extends React.PureComponent {\n    render () {\n        return (\n            <div>\n                <Progress />\n                {/* the content */}\n            </div>\n        )\n    }\n}\n\nlet store = createStore(\n    combineReducers({\n        progressRedux: reducer\n    })\n)\n\nReactDOM.render(\n    <Provider store={store}>\n        <Application />\n    </Provider>,\n    document.querySelector(\'#root\')\n)\n```\n\n```\nimport { showProgress, hideProgress } from \'react-progress-2-redux\'\n\n// your-reducer.jsx\nexport function loadUsers () {\n    return async dispatch => {\n        dispatch(showProgress())\n        await myCoolAsyncRequest()\n        dispatch(hideProgress())\n    }\n}\n```',
30 silly publish   readmeFilename: 'README.md',
30 silly publish   gitHead: 'ffb4ba58775b8269165e0c9eab9a2f642b114775',
30 silly publish   _id: 'react-progress-2-redux@1.0.0',
30 silly publish   _shasum: '7bae89f046bcfca1fa0fd26c376840514b1e4e8e',
30 silly publish   _from: '.' }
31 info lifecycle react-progress-2-redux@1.0.0~prepublishOnly: react-progress-2-redux@1.0.0
32 silly lifecycle react-progress-2-redux@1.0.0~prepublishOnly: no script for prepublishOnly, continuing
33 verbose getPublishConfig undefined
34 silly mapToRegistry name react-progress-2-redux
35 silly mapToRegistry using default registry
36 silly mapToRegistry registry https://registry.npmjs.org/
37 silly mapToRegistry data Result {
37 silly mapToRegistry   raw: 'react-progress-2-redux',
37 silly mapToRegistry   scope: null,
37 silly mapToRegistry   escapedName: 'react-progress-2-redux',
37 silly mapToRegistry   name: 'react-progress-2-redux',
37 silly mapToRegistry   rawSpec: '',
37 silly mapToRegistry   spec: 'latest',
37 silly mapToRegistry   type: 'tag' }
38 silly mapToRegistry uri https://registry.npmjs.org/react-progress-2-redux
39 verbose publish registryBase https://registry.npmjs.org/
40 silly publish uploading /Users/ruslan/.npm/react-progress-2-redux/1.0.0/package.tgz
41 verbose request uri https://registry.npmjs.org/react-progress-2-redux
42 verbose request sending authorization for write operation
43 info attempt registry request try #1 at 10:28:41
44 verbose request using bearer token for auth
45 verbose request id f9375c5973d2f973
46 http request PUT https://registry.npmjs.org/react-progress-2-redux
47 http 403 https://registry.npmjs.org/react-progress-2-redux
48 verbose headers { 'content-type': 'application/json',
48 verbose headers   'cache-control': 'max-age=300',
48 verbose headers   'content-length': '95',
48 verbose headers   'accept-ranges': 'bytes',
48 verbose headers   date: 'Mon, 03 Jul 2017 07:28:42 GMT',
48 verbose headers   via: '1.1 varnish',
48 verbose headers   connection: 'keep-alive',
48 verbose headers   'x-served-by': 'cache-hhn1541-HHN',
48 verbose headers   'x-cache': 'MISS',
48 verbose headers   'x-cache-hits': '0',
48 verbose headers   'x-timer': 'S1499066921.331769,VS0,VE880',
48 verbose headers   vary: 'Accept-Encoding' }
49 verbose request invalidating /Users/ruslan/.npm/registry.npmjs.org/react-progress-2-redux on PUT
50 error publish Failed PUT 403
51 verbose stack Error: "You cannot publish over the previously published version 1.0.0." : react-progress-2-redux
51 verbose stack     at makeError (/usr/local/lib/node_modules/npm/node_modules/npm-registry-client/lib/request.js:304:12)
51 verbose stack     at CachingRegistryClient.<anonymous> (/usr/local/lib/node_modules/npm/node_modules/npm-registry-client/lib/request.js:292:14)
51 verbose stack     at Request._callback (/usr/local/lib/node_modules/npm/node_modules/npm-registry-client/lib/request.js:212:14)
51 verbose stack     at Request.self.callback (/usr/local/lib/node_modules/npm/node_modules/request/request.js:186:22)
51 verbose stack     at emitTwo (events.js:125:13)
51 verbose stack     at Request.emit (events.js:213:7)
51 verbose stack     at Request.<anonymous> (/usr/local/lib/node_modules/npm/node_modules/request/request.js:1081:10)
51 verbose stack     at emitOne (events.js:115:13)
51 verbose stack     at Request.emit (events.js:210:7)
51 verbose stack     at IncomingMessage.<anonymous> (/usr/local/lib/node_modules/npm/node_modules/request/request.js:1001:12)
52 verbose statusCode 403
53 verbose pkgid react-progress-2-redux
54 verbose cwd /Users/ruslan/www/react-progress-2-redux
55 error Darwin 16.5.0
56 error argv "/usr/local/bin/node" "/usr/local/bin/npm" "publish"
57 error node v8.0.0
58 error npm  v4.1.2
59 error code E403
60 error "You cannot publish over the previously published version 1.0.0." : react-progress-2-redux
61 error If you need help, you may report this error at:
61 error     <https://github.com/npm/npm/issues>
62 verbose exit [ 1, true ]
